<?xml version="1.0" encoding="UTF-8"?>
<!-- Generated by org.testng.reporters.JUnitXMLReporter -->
<testsuite hostname="RayPC" name="Test" tests="4" failures="0" timestamp="22 Apr 2020 16:10:10 GMT" time="65.137" errors="0">
  <testcase name="basePageNavigation" time="0.303" classname="automationRay.ValidateTitle"/>
  <testcase name="basePageNavigation" time="0.184" classname="automationRay.ValidateNavigationBar"/>
  <testcase name="basePageNavigation" time="17.789" classname="automationRay.HomePage"/>
  <testcase name="basePageNavigation" time="14.522" classname="automationRay.HomePage"/>
</testsuite> <!-- Test -->
