<?xml version="1.0" encoding="UTF-8"?>
<testng-results skipped="0" failed="0" total="2" passed="2">
  <reporter-output>
  </reporter-output>
  <suite name="Default suite" duration-ms="27732" started-at="2020-04-22T17:30:41Z" finished-at="2020-04-22T17:31:09Z">
    <groups>
    </groups>
    <test name="Default test" duration-ms="27732" started-at="2020-04-22T17:30:41Z" finished-at="2020-04-22T17:31:09Z">
      <class name="automationRay.HomePage">
        <test-method status="PASS" signature="initialize()[pri:0, instance:automationRay.HomePage@429bffaa]" name="initialize" is-config="true" duration-ms="3284" started-at="2020-04-22T13:30:41Z" finished-at="2020-04-22T13:30:45Z">
          <reporter-output>
          </reporter-output>
        </test-method> <!-- initialize -->
        <test-method status="PASS" signature="basePageNavigation(java.lang.String, java.lang.String, java.lang.String)[pri:0, instance:automationRay.HomePage@429bffaa]" name="basePageNavigation" duration-ms="14487" started-at="2020-04-22T13:30:45Z" data-provider="getData" finished-at="2020-04-22T13:30:59Z">
          <params>
            <param index="0">
              <value>
                <![CDATA[nonrestricteduser@qw.com]]>
              </value>
            </param>
            <param index="1">
              <value>
                <![CDATA[123456]]>
              </value>
            </param>
            <param index="2">
              <value>
                <![CDATA[Non Restriected User]]>
              </value>
            </param>
          </params>
          <reporter-output>
          </reporter-output>
        </test-method> <!-- basePageNavigation -->
        <test-method status="PASS" signature="basePageNavigation(java.lang.String, java.lang.String, java.lang.String)[pri:0, instance:automationRay.HomePage@429bffaa]" name="basePageNavigation" duration-ms="9705" started-at="2020-04-22T13:30:59Z" data-provider="getData" finished-at="2020-04-22T13:31:09Z">
          <params>
            <param index="0">
              <value>
                <![CDATA[restricteduser@qw.com]]>
              </value>
            </param>
            <param index="1">
              <value>
                <![CDATA[45678]]>
              </value>
            </param>
            <param index="2">
              <value>
                <![CDATA[Restricted User]]>
              </value>
            </param>
          </params>
          <reporter-output>
          </reporter-output>
        </test-method> <!-- basePageNavigation -->
        <test-method status="PASS" signature="teardown()[pri:0, instance:automationRay.HomePage@429bffaa]" name="teardown" is-config="true" duration-ms="234" started-at="2020-04-22T13:31:09Z" finished-at="2020-04-22T13:31:09Z">
          <reporter-output>
          </reporter-output>
        </test-method> <!-- teardown -->
      </class> <!-- automationRay.HomePage -->
    </test> <!-- Default test -->
  </suite> <!-- Default suite -->
</testng-results>
